SF:lib/core/book/book_success_response.dart
DA:4,3
LF:1
LH:1
end_of_record
SF:lib/features/details/external_interface/book_details_gateway.dart
DA:9,1
DA:11,2
DA:14,1
DA:16,2
DA:19,1
DA:21,3
DA:22,1
DA:23,3
DA:29,2
DA:33,0
DA:34,0
DA:38,2
DA:44,1
DA:48,1
DA:51,1
DA:52,1
DA:53,2
LF:17
LH:15
end_of_record
SF:lib/core/book/book_request.dart
DA:4,0
LF:1
LH:0
end_of_record
SF:lib/features/details/models/book_details_model.dart
DA:4,3
DA:13,1
DA:14,1
DA:16,1
DA:17,1
DA:19,4
DA:20,1
DA:21,3
DA:22,1
DA:23,1
LF:10
LH:10
end_of_record
SF:lib/core/book/book_external_interface.dart
DA:8,1
DA:10,2
DA:14,0
DA:16,0
DA:17,0
DA:18,0
DA:19,0
DA:20,0
DA:23,0
DA:25,0
DA:30,0
DA:32,0
LF:12
LH:2
end_of_record
SF:lib/features/details/domain/book_details_entity.dart
DA:4,12
DA:20,1
DA:21,7
DA:23,2
DA:32,2
DA:33,0
DA:34,0
DA:35,0
DA:36,0
DA:37,0
DA:38,0
LF:11
LH:5
end_of_record
SF:lib/features/details/domain/book_details_ui_output.dart
DA:4,2
DA:20,2
DA:21,14
LF:3
LH:3
end_of_record
SF:lib/features/details/domain/book_details_use_case.dart
DA:8,3
DA:9,3
DA:11,6
DA:14,1
DA:15,1
DA:16,1
DA:17,1
DA:18,1
DA:20,2
DA:21,1
DA:22,1
DA:23,1
DA:24,1
DA:25,1
DA:26,1
DA:29,0
DA:35,2
DA:37,2
DA:38,2
DA:39,2
DA:40,2
DA:41,2
DA:42,2
DA:43,2
LF:24
LH:23
end_of_record
SF:lib/providers.dart
DA:10,12
DA:14,12
DA:18,3
DA:20,2
DA:23,3
DA:25,2
DA:28,3
DA:30,1
DA:31,1
DA:32,1
LF:10
LH:10
end_of_record
SF:lib/features/index/models/book_model.dart
DA:2,4
DA:18,1
DA:21,1
DA:22,3
DA:23,3
DA:24,3
DA:25,3
DA:26,3
DA:27,3
DA:28,3
DA:30,0
DA:32,0
DA:33,0
DA:34,0
DA:35,0
DA:36,0
DA:37,0
LF:17
LH:10
end_of_record
SF:lib/features/index/domain/index_entity.dart
DA:8,13
DA:20,1
DA:22,5
DA:25,3
DA:32,3
DA:33,3
DA:34,3
DA:35,1
DA:36,3
LF:9
LH:9
end_of_record
SF:lib/features/index/domain/index_ui_output.dart
DA:7,4
DA:17,3
DA:18,12
LF:3
LH:3
end_of_record
SF:lib/features/index/domain/index_use_case.dart
DA:9,4
DA:10,4
DA:12,4
DA:13,4
DA:17,2
DA:19,6
DA:22,2
DA:23,2
DA:24,2
DA:25,6
DA:27,4
DA:28,2
DA:33,1
DA:34,2
DA:42,3
DA:46,2
DA:47,2
DA:48,2
DA:49,2
DA:50,2
DA:51,2
DA:52,2
DA:53,2
DA:59,3
DA:61,3
DA:62,6
DA:63,3
DA:64,3
LF:28
LH:28
end_of_record
SF:lib/features/index/external_interface/book_collection_gateway.dart
DA:9,2
DA:11,2
DA:14,1
DA:16,2
DA:19,2
DA:21,2
DA:22,2
DA:24,4
DA:25,6
DA:28,2
DA:33,1
DA:34,1
DA:38,3
DA:44,3
DA:60,2
DA:61,2
DA:63,2
DA:64,2
DA:66,8
DA:67,2
DA:68,6
DA:69,2
DA:70,2
DA:76,1
DA:79,1
DA:80,1
DA:81,4
LF:27
LH:27
end_of_record
SF:lib/features/details/presentation/book_details_presenter.dart
DA:10,2
DA:14,4
DA:18,1
DA:21,2
DA:24,1
DA:29,1
DA:30,1
DA:31,1
DA:32,1
DA:33,1
DA:34,1
DA:35,1
LF:12
LH:12
end_of_record
SF:lib/features/details/presentation/book_details_view_model.dart
DA:4,2
DA:20,1
DA:21,7
LF:3
LH:3
end_of_record
SF:lib/features/details/presentation/book_details_ui.dart
DA:9,1
DA:13,1
DA:15,2
DA:18,1
DA:20,1
DA:21,1
DA:22,2
DA:26,1
DA:27,1
DA:29,1
DA:30,1
DA:31,1
DA:32,2
DA:34,1
DA:36,1
DA:38,1
DA:39,1
DA:40,1
DA:41,3
DA:43,1
DA:44,2
DA:45,3
DA:48,3
DA:49,3
DA:50,3
LF:25
LH:25
end_of_record
SF:lib/widgets/cover_image.dart
DA:6,5
DA:9,4
DA:11,5
DA:12,15
DA:15,5
DA:19,10
DA:20,4
DA:21,4
DA:23,3
DA:26,2
DA:27,2
LF:11
LH:11
end_of_record
SF:lib/features/index/presentation/index_presenter.dart
DA:11,3
DA:14,6
DA:16,2
DA:18,2
DA:21,2
DA:23,2
DA:24,2
DA:25,0
DA:26,2
DA:27,4
DA:28,4
DA:32,2
DA:34,2
DA:35,2
DA:36,1
DA:37,1
DA:38,2
LF:17
LH:16
end_of_record
SF:lib/features/index/presentation/index_view_model.dart
DA:7,3
DA:22,2
DA:24,8
LF:3
LH:3
end_of_record
SF:lib/widgets/book_card.dart
DA:6,3
DA:11,3
DA:17,3
DA:19,3
DA:20,3
DA:21,3
DA:23,3
DA:24,3
DA:25,3
DA:26,3
DA:27,3
DA:28,6
DA:31,3
DA:33,3
DA:34,3
DA:35,9
LF:16
LH:16
end_of_record
SF:lib/features/index/presentation/index_ui.dart
DA:11,4
DA:13,2
DA:15,2
DA:18,2
DA:20,4
DA:23,2
DA:25,2
DA:26,2
DA:28,2
DA:29,2
DA:30,2
DA:38,2
DA:39,4
DA:41,2
DA:42,4
DA:43,2
DA:44,2
DA:45,1
DA:46,2
DA:48,2
DA:49,2
DA:54,4
DA:59,2
DA:60,2
DA:63,4
DA:73,1
DA:77,1
DA:79,1
DA:80,1
DA:83,1
DA:85,1
DA:87,3
DA:92,1
DA:93,1
LF:34
LH:34
end_of_record
SF:lib/routing/routes.dart
DA:17,1
DA:19,1
DA:20,1
DA:21,1
DA:23,2
DA:24,1
DA:25,1
DA:27,0
DA:28,0
DA:29,0
LF:10
LH:7
end_of_record
